<?xml version="1.0" encoding="UTF-8"?>
<!-- Generated by org.testng.reporters.JUnitReportReporter -->
<testsuite hostname="LIN51017263" failures="0" tests="2" name="com.test.LoginTest" time="22.061" errors="0" timestamp="09 Dec 2021 04:03:10 GMT" skipped="0">
  <testcase classname="com.test.LoginTest" name="VerifyLogin" time="19.034"/>
  <testcase classname="com.test.LoginTest" name="VerifyAddUser" time="3.027"/>
</testsuite> <!-- com.test.LoginTest -->
